0 info it worked if it ends with ok
1 verbose cli [ 'node', '/usr/local/bin/npm', 'install', '-g', 'jasmine-debug' ]
2 info using npm@1.4.28
3 info using node@v0.10.33
4 verbose cache add [ 'jasmine-debug', null ]
5 verbose cache add name=undefined spec="jasmine-debug" args=["jasmine-debug",null]
6 verbose parsed url { protocol: null,
6 verbose parsed url   slashes: null,
6 verbose parsed url   auth: null,
6 verbose parsed url   host: null,
6 verbose parsed url   port: null,
6 verbose parsed url   hostname: null,
6 verbose parsed url   hash: null,
6 verbose parsed url   search: null,
6 verbose parsed url   query: null,
6 verbose parsed url   pathname: 'jasmine-debug',
6 verbose parsed url   path: 'jasmine-debug',
6 verbose parsed url   href: 'jasmine-debug' }
7 silly lockFile 10692c15-jasmine-debug jasmine-debug
8 verbose lock jasmine-debug /Users/mhd/.npm/10692c15-jasmine-debug.lock
9 silly lockFile 10692c15-jasmine-debug jasmine-debug
10 silly lockFile 10692c15-jasmine-debug jasmine-debug
11 verbose addNamed [ 'jasmine-debug', '' ]
12 verbose addNamed [ null, '*' ]
13 silly lockFile 3cf2dee4-jasmine-debug jasmine-debug@
14 verbose lock jasmine-debug@ /Users/mhd/.npm/3cf2dee4-jasmine-debug.lock
15 silly addNameRange { name: 'jasmine-debug', range: '*', hasData: false }
16 verbose request where is /jasmine-debug
17 verbose request registry https://registry.npmjs.org/
18 verbose request id 4937e1070f03512d
19 verbose url raw /jasmine-debug
20 verbose url resolving [ 'https://registry.npmjs.org/', './jasmine-debug' ]
21 verbose url resolved https://registry.npmjs.org/jasmine-debug
22 verbose request where is https://registry.npmjs.org/jasmine-debug
23 info trying registry request attempt 1 at 08:46:10
24 http GET https://registry.npmjs.org/jasmine-debug
25 http 200 https://registry.npmjs.org/jasmine-debug
26 silly registry.get cb [ 200,
26 silly registry.get   { server: 'CouchDB/1.5.0 (Erlang OTP/R16B03)',
26 silly registry.get     etag: '"7DS9TX0CWZOQ25VWBQ2BMGU6C"',
26 silly registry.get     'content-type': 'application/json',
26 silly registry.get     'cache-control': 'max-age=60',
26 silly registry.get     'content-length': '2500',
26 silly registry.get     'accept-ranges': 'bytes',
26 silly registry.get     date: 'Sun, 07 Jun 2015 15:46:10 GMT',
26 silly registry.get     via: '1.1 varnish',
26 silly registry.get     age: '0',
26 silly registry.get     connection: 'keep-alive',
26 silly registry.get     'x-served-by': 'cache-lax1424-LAX',
26 silly registry.get     'x-cache': 'MISS',
26 silly registry.get     'x-cache-hits': '0',
26 silly registry.get     'x-timer': 'S1433691970.310095,VS0,VE199',
26 silly registry.get     vary: 'Accept' } ]
27 silly addNameRange number 2 { name: 'jasmine-debug', range: '*', hasData: true }
28 silly addNameRange versions [ 'jasmine-debug', [ '0.1.1' ] ]
29 verbose addNamed [ 'jasmine-debug', '0.1.1' ]
30 verbose addNamed [ '0.1.1', '0.1.1' ]
31 silly lockFile a6bd4580-jasmine-debug-0-1-1 jasmine-debug@0.1.1
32 verbose lock jasmine-debug@0.1.1 /Users/mhd/.npm/a6bd4580-jasmine-debug-0-1-1.lock
33 silly lockFile 86470c97-ne-debug-jasmine-debug-0-1-1-tgz https://registry.npmjs.org/jasmine-debug/-/jasmine-debug-0.1.1.tgz
34 verbose lock https://registry.npmjs.org/jasmine-debug/-/jasmine-debug-0.1.1.tgz /Users/mhd/.npm/86470c97-ne-debug-jasmine-debug-0-1-1-tgz.lock
35 verbose addRemoteTarball [ 'https://registry.npmjs.org/jasmine-debug/-/jasmine-debug-0.1.1.tgz',
35 verbose addRemoteTarball   '171372344e43efbe4c8b467728d3397f1a3ddc90' ]
36 info retry fetch attempt 1 at 08:46:10
37 verbose fetch to= /var/folders/ft/zlnkszjj1xl8wphf8893x6gm0000gp/T/npm-3202-XsMoGKQQ/registry.npmjs.org/jasmine-debug/-/jasmine-debug-0.1.1.tgz
38 http GET https://registry.npmjs.org/jasmine-debug/-/jasmine-debug-0.1.1.tgz
39 http 200 https://registry.npmjs.org/jasmine-debug/-/jasmine-debug-0.1.1.tgz
40 silly lockFile 86470c97-ne-debug-jasmine-debug-0-1-1-tgz https://registry.npmjs.org/jasmine-debug/-/jasmine-debug-0.1.1.tgz
41 silly lockFile 86470c97-ne-debug-jasmine-debug-0-1-1-tgz https://registry.npmjs.org/jasmine-debug/-/jasmine-debug-0.1.1.tgz
42 silly lockFile a6bd4580-jasmine-debug-0-1-1 jasmine-debug@0.1.1
43 silly lockFile a6bd4580-jasmine-debug-0-1-1 jasmine-debug@0.1.1
44 silly lockFile 3cf2dee4-jasmine-debug jasmine-debug@
45 silly lockFile 3cf2dee4-jasmine-debug jasmine-debug@
46 silly resolved [ { name: 'jasmine-debug',
46 silly resolved     version: '0.1.1',
46 silly resolved     description: 'Run Jasmine unit tests in node-inspector',
46 silly resolved     bin: { 'jasmine-debug': './cli.js' },
46 silly resolved     repository: { type: 'git', url: 'http://github.com/tohagan/jasmine-debug' },
46 silly resolved     dependencies: { 'node-inspector': '~0.7.4', open: '~0.0.5' },
46 silly resolved     author: { name: 'Tony O\'Hagan', email: 'tony@ohagan.name' },
46 silly resolved     keywords:
46 silly resolved      [ 'jasmine',
46 silly resolved        'debug',
46 silly resolved        'debugging',
46 silly resolved        'node-inspector',
46 silly resolved        'development',
46 silly resolved        'test',
46 silly resolved        'unit test',
46 silly resolved        'testing' ],
46 silly resolved     license: 'BSD',
46 silly resolved     contributors: [ [Object], [Object] ],
46 silly resolved     gitHead: '298fc7824d09802fd72e79481597cb0622852d22',
46 silly resolved     bugs: { url: 'https://github.com/tohagan/jasmine-debug/issues' },
46 silly resolved     homepage: 'https://github.com/tohagan/jasmine-debug',
46 silly resolved     _id: 'jasmine-debug@0.1.1',
46 silly resolved     scripts: {},
46 silly resolved     _shasum: '171372344e43efbe4c8b467728d3397f1a3ddc90',
46 silly resolved     _from: 'jasmine-debug@',
46 silly resolved     _npmVersion: '1.4.14',
46 silly resolved     _npmUser: { name: 'tohagan', email: 'tony@ohagan.name' },
46 silly resolved     maintainers: [ [Object] ],
46 silly resolved     dist:
46 silly resolved      { shasum: '171372344e43efbe4c8b467728d3397f1a3ddc90',
46 silly resolved        tarball: 'http://registry.npmjs.org/jasmine-debug/-/jasmine-debug-0.1.1.tgz' },
46 silly resolved     directories: {},
46 silly resolved     _resolved: 'https://registry.npmjs.org/jasmine-debug/-/jasmine-debug-0.1.1.tgz' } ]
47 info install jasmine-debug@0.1.1 into /usr/local/lib
48 info installOne jasmine-debug@0.1.1
49 verbose lib/node_modules/jasmine-debug unbuild
50 verbose tar unpack /Users/mhd/.npm/jasmine-debug/0.1.1/package.tgz
51 silly lockFile 4b46fd46-l-lib-node-modules-jasmine-debug tar:///usr/local/lib/node_modules/jasmine-debug
52 verbose lock tar:///usr/local/lib/node_modules/jasmine-debug /Users/mhd/.npm/4b46fd46-l-lib-node-modules-jasmine-debug.lock
53 silly lockFile 8b7a9f80--jasmine-debug-0-1-1-package-tgz tar:///Users/mhd/.npm/jasmine-debug/0.1.1/package.tgz
54 verbose lock tar:///Users/mhd/.npm/jasmine-debug/0.1.1/package.tgz /Users/mhd/.npm/8b7a9f80--jasmine-debug-0-1-1-package-tgz.lock
55 silly gunzTarPerm modes [ '755', '644' ]
56 error Error: EACCES, mkdir '/usr/local/lib/node_modules/jasmine-debug'
56 error  { [Error: EACCES, mkdir '/usr/local/lib/node_modules/jasmine-debug']
56 error   errno: 3,
56 error   code: 'EACCES',
56 error   path: '/usr/local/lib/node_modules/jasmine-debug',
56 error   fstream_type: 'Directory',
56 error   fstream_path: '/usr/local/lib/node_modules/jasmine-debug',
56 error   fstream_class: 'DirWriter',
56 error   fstream_stack:
56 error    [ '/usr/local/lib/node_modules/npm/node_modules/fstream/lib/dir-writer.js:36:23',
56 error      '/usr/local/lib/node_modules/npm/node_modules/mkdirp/index.js:46:53',
56 error      'Object.oncomplete (fs.js:107:15)' ] }
57 error Please try running this command again as root/Administrator.
58 error System Darwin 14.3.0
59 error command "node" "/usr/local/bin/npm" "install" "-g" "jasmine-debug"
60 error cwd /Users/mhd/Desktop/feed/frontend-nanodegree-feedreader
61 error node -v v0.10.33
62 error npm -v 1.4.28
63 error path /usr/local/lib/node_modules/jasmine-debug
64 error fstream_path /usr/local/lib/node_modules/jasmine-debug
65 error fstream_type Directory
66 error fstream_class DirWriter
67 error code EACCES
68 error errno 3
69 error stack Error: EACCES, mkdir '/usr/local/lib/node_modules/jasmine-debug'
70 error fstream_stack /usr/local/lib/node_modules/npm/node_modules/fstream/lib/dir-writer.js:36:23
70 error fstream_stack /usr/local/lib/node_modules/npm/node_modules/mkdirp/index.js:46:53
70 error fstream_stack Object.oncomplete (fs.js:107:15)
71 verbose exit [ 3, true ]
